<?xml version="1.0" encoding="UTF-8"?>
<testsuite xmlns:xsi="http://www.w3.org/2001/XMLSchema-instance" xsi:noNamespaceSchemaLocation="https://maven.apache.org/surefire/maven-surefire-plugin/xsd/surefire-test-report.xsd" version="3.0.2" name="TestSuite" time="10.253" tests="1" errors="0" skipped="0" failures="0">
  <properties>
    <property name="java.specification.version" value="23"/>
    <property name="sun.cpu.isalist" value="amd64"/>
    <property name="sun.jnu.encoding" value="Cp1252"/>
    <property name="sun.awt.enableExtraMouseButtons" value="true"/>
    <property name="java.class.path" value="C:\Users\SHTLP_0066\Desktop\Softwares\Eclipse\FrameworkBuilding26Jan\target\test-classes;C:\Users\SHTLP_0066\Desktop\Softwares\Eclipse\FrameworkBuilding26Jan\target\classes;C:\Users\SHTLP_0066\.m2\repository\org\seleniumhq\selenium\selenium-java\4.28.1\selenium-java-4.28.1.jar;C:\Users\SHTLP_0066\.m2\repository\org\seleniumhq\selenium\selenium-api\4.28.1\selenium-api-4.28.1.jar;C:\Users\SHTLP_0066\.m2\repository\org\jspecify\jspecify\1.0.0\jspecify-1.0.0.jar;C:\Users\SHTLP_0066\.m2\repository\org\seleniumhq\selenium\selenium-chrome-driver\4.28.1\selenium-chrome-driver-4.28.1.jar;C:\Users\SHTLP_0066\.m2\repository\com\google\auto\service\auto-service-annotations\1.1.1\auto-service-annotations-1.1.1.jar;C:\Users\SHTLP_0066\.m2\repository\org\seleniumhq\selenium\selenium-chromium-driver\4.28.1\selenium-chromium-driver-4.28.1.jar;C:\Users\SHTLP_0066\.m2\repository\org\seleniumhq\selenium\selenium-json\4.28.1\selenium-json-4.28.1.jar;C:\Users\SHTLP_0066\.m2\repository\org\seleniumhq\selenium\selenium-manager\4.28.1\selenium-manager-4.28.1.jar;C:\Users\SHTLP_0066\.m2\repository\org\seleniumhq\selenium\selenium-devtools-v130\4.28.1\selenium-devtools-v130-4.28.1.jar;C:\Users\SHTLP_0066\.m2\repository\org\seleniumhq\selenium\selenium-devtools-v131\4.28.1\selenium-devtools-v131-4.28.1.jar;C:\Users\SHTLP_0066\.m2\repository\org\seleniumhq\selenium\selenium-devtools-v132\4.28.1\selenium-devtools-v132-4.28.1.jar;C:\Users\SHTLP_0066\.m2\repository\org\seleniumhq\selenium\selenium-devtools-v85\4.28.1\selenium-devtools-v85-4.28.1.jar;C:\Users\SHTLP_0066\.m2\repository\org\seleniumhq\selenium\selenium-edge-driver\4.28.1\selenium-edge-driver-4.28.1.jar;C:\Users\SHTLP_0066\.m2\repository\org\seleniumhq\selenium\selenium-firefox-driver\4.28.1\selenium-firefox-driver-4.28.1.jar;C:\Users\SHTLP_0066\.m2\repository\org\seleniumhq\selenium\selenium-http\4.28.1\selenium-http-4.28.1.jar;C:\Users\SHTLP_0066\.m2\repository\org\seleniumhq\selenium\selenium-ie-driver\4.28.1\selenium-ie-driver-4.28.1.jar;C:\Users\SHTLP_0066\.m2\repository\org\seleniumhq\selenium\selenium-remote-driver\4.28.1\selenium-remote-driver-4.28.1.jar;C:\Users\SHTLP_0066\.m2\repository\com\google\guava\guava\33.4.0-jre\guava-33.4.0-jre.jar;C:\Users\SHTLP_0066\.m2\repository\com\google\guava\listenablefuture\9999.0-empty-to-avoid-conflict-with-guava\listenablefuture-9999.0-empty-to-avoid-conflict-with-guava.jar;C:\Users\SHTLP_0066\.m2\repository\com\google\code\findbugs\jsr305\3.0.2\jsr305-3.0.2.jar;C:\Users\SHTLP_0066\.m2\repository\org\checkerframework\checker-qual\3.43.0\checker-qual-3.43.0.jar;C:\Users\SHTLP_0066\.m2\repository\com\google\errorprone\error_prone_annotations\2.36.0\error_prone_annotations-2.36.0.jar;C:\Users\SHTLP_0066\.m2\repository\com\google\j2objc\j2objc-annotations\3.0.0\j2objc-annotations-3.0.0.jar;C:\Users\SHTLP_0066\.m2\repository\io\opentelemetry\semconv\opentelemetry-semconv\1.28.0-alpha\opentelemetry-semconv-1.28.0-alpha.jar;C:\Users\SHTLP_0066\.m2\repository\io\opentelemetry\opentelemetry-api\1.46.0\opentelemetry-api-1.46.0.jar;C:\Users\SHTLP_0066\.m2\repository\io\opentelemetry\opentelemetry-context\1.46.0\opentelemetry-context-1.46.0.jar;C:\Users\SHTLP_0066\.m2\repository\io\opentelemetry\opentelemetry-exporter-logging\1.46.0\opentelemetry-exporter-logging-1.46.0.jar;C:\Users\SHTLP_0066\.m2\repository\io\opentelemetry\opentelemetry-sdk-common\1.46.0\opentelemetry-sdk-common-1.46.0.jar;C:\Users\SHTLP_0066\.m2\repository\io\opentelemetry\opentelemetry-sdk-extension-autoconfigure-spi\1.46.0\opentelemetry-sdk-extension-autoconfigure-spi-1.46.0.jar;C:\Users\SHTLP_0066\.m2\repository\io\opentelemetry\opentelemetry-sdk-extension-autoconfigure\1.46.0\opentelemetry-sdk-extension-autoconfigure-1.46.0.jar;C:\Users\SHTLP_0066\.m2\repository\io\opentelemetry\opentelemetry-api-incubator\1.46.0-alpha\opentelemetry-api-incubator-1.46.0-alpha.jar;C:\Users\SHTLP_0066\.m2\repository\io\opentelemetry\opentelemetry-sdk-trace\1.46.0\opentelemetry-sdk-trace-1.46.0.jar;C:\Users\SHTLP_0066\.m2\repository\io\opentelemetry\opentelemetry-sdk\1.46.0\opentelemetry-sdk-1.46.0.jar;C:\Users\SHTLP_0066\.m2\repository\io\opentelemetry\opentelemetry-sdk-metrics\1.46.0\opentelemetry-sdk-metrics-1.46.0.jar;C:\Users\SHTLP_0066\.m2\repository\io\opentelemetry\opentelemetry-sdk-logs\1.46.0\opentelemetry-sdk-logs-1.46.0.jar;C:\Users\SHTLP_0066\.m2\repository\net\bytebuddy\byte-buddy\1.15.11\byte-buddy-1.15.11.jar;C:\Users\SHTLP_0066\.m2\repository\org\seleniumhq\selenium\selenium-os\4.28.1\selenium-os-4.28.1.jar;C:\Users\SHTLP_0066\.m2\repository\org\seleniumhq\selenium\selenium-safari-driver\4.28.1\selenium-safari-driver-4.28.1.jar;C:\Users\SHTLP_0066\.m2\repository\org\seleniumhq\selenium\selenium-support\4.28.1\selenium-support-4.28.1.jar;C:\Users\SHTLP_0066\.m2\repository\org\apache\poi\poi\5.4.0\poi-5.4.0.jar;C:\Users\SHTLP_0066\.m2\repository\commons-codec\commons-codec\1.17.1\commons-codec-1.17.1.jar;C:\Users\SHTLP_0066\.m2\repository\org\apache\commons\commons-collections4\4.4\commons-collections4-4.4.jar;C:\Users\SHTLP_0066\.m2\repository\org\apache\commons\commons-math3\3.6.1\commons-math3-3.6.1.jar;C:\Users\SHTLP_0066\.m2\repository\com\zaxxer\SparseBitSet\1.3\SparseBitSet-1.3.jar;C:\Users\SHTLP_0066\.m2\repository\org\apache\poi\poi-ooxml\5.4.0\poi-ooxml-5.4.0.jar;C:\Users\SHTLP_0066\.m2\repository\org\apache\poi\poi-ooxml-lite\5.4.0\poi-ooxml-lite-5.4.0.jar;C:\Users\SHTLP_0066\.m2\repository\org\apache\xmlbeans\xmlbeans\5.3.0\xmlbeans-5.3.0.jar;C:\Users\SHTLP_0066\.m2\repository\org\apache\commons\commons-compress\1.27.1\commons-compress-1.27.1.jar;C:\Users\SHTLP_0066\.m2\repository\com\github\virtuald\curvesapi\1.08\curvesapi-1.08.jar;C:\Users\SHTLP_0066\.m2\repository\org\apache\logging\log4j\log4j-core\3.0.0-beta3\log4j-core-3.0.0-beta3.jar;C:\Users\SHTLP_0066\.m2\repository\org\apache\logging\log4j\log4j-kit\3.0.0-beta3\log4j-kit-3.0.0-beta3.jar;C:\Users\SHTLP_0066\.m2\repository\org\apache\logging\log4j\log4j-plugins\3.0.0-beta3\log4j-plugins-3.0.0-beta3.jar;C:\Users\SHTLP_0066\.m2\repository\org\apache\logging\log4j\log4j-api\3.0.0-beta2\log4j-api-3.0.0-beta2.jar;C:\Users\SHTLP_0066\.m2\repository\org\apache\logging\log4j\log4j-slf4j-impl\2.24.3\log4j-slf4j-impl-2.24.3.jar;C:\Users\SHTLP_0066\.m2\repository\org\slf4j\slf4j-api\1.7.36\slf4j-api-1.7.36.jar;C:\Users\SHTLP_0066\.m2\repository\commons-io\commons-io\2.18.0\commons-io-2.18.0.jar;C:\Users\SHTLP_0066\.m2\repository\org\apache\commons\commons-lang3\3.17.0\commons-lang3-3.17.0.jar;C:\Users\SHTLP_0066\.m2\repository\org\testng\testng\7.10.2\testng-7.10.2.jar;C:\Users\SHTLP_0066\.m2\repository\com\beust\jcommander\1.82\jcommander-1.82.jar;C:\Users\SHTLP_0066\.m2\repository\org\webjars\jquery\3.7.1\jquery-3.7.1.jar;C:\Users\SHTLP_0066\.m2\repository\com\aventstack\extentreports\5.1.2\extentreports-5.1.2.jar;C:\Users\SHTLP_0066\.m2\repository\io\reactivex\rxjava3\rxjava\3.1.6\rxjava-3.1.6.jar;C:\Users\SHTLP_0066\.m2\repository\org\reactivestreams\reactive-streams\1.0.4\reactive-streams-1.0.4.jar;C:\Users\SHTLP_0066\.m2\repository\org\freemarker\freemarker\2.3.32\freemarker-2.3.32.jar;C:\Users\SHTLP_0066\.m2\repository\org\projectlombok\lombok\1.18.26\lombok-1.18.26.jar;C:\Users\SHTLP_0066\.m2\repository\com\google\code\gson\gson\2.10.1\gson-2.10.1.jar;C:\Users\SHTLP_0066\.m2\repository\io\qameta\allure\allure-maven\2.15.2\allure-maven-2.15.2.jar;C:\Users\SHTLP_0066\.m2\repository\org\apache\httpcomponents\client5\httpclient5\5.4.1\httpclient5-5.4.1.jar;C:\Users\SHTLP_0066\.m2\repository\org\apache\httpcomponents\core5\httpcore5\5.3.1\httpcore5-5.3.1.jar;C:\Users\SHTLP_0066\.m2\repository\org\apache\httpcomponents\core5\httpcore5-h2\5.3.1\httpcore5-h2-5.3.1.jar;C:\Users\SHTLP_0066\.m2\repository\com\fasterxml\jackson\core\jackson-databind\2.18.1\jackson-databind-2.18.1.jar;C:\Users\SHTLP_0066\.m2\repository\com\fasterxml\jackson\core\jackson-annotations\2.18.1\jackson-annotations-2.18.1.jar;C:\Users\SHTLP_0066\.m2\repository\com\fasterxml\jackson\core\jackson-core\2.18.1\jackson-core-2.18.1.jar;C:\Users\SHTLP_0066\.m2\repository\org\apache\maven\maven-core\3.9.9\maven-core-3.9.9.jar;C:\Users\SHTLP_0066\.m2\repository\org\apache\maven\maven-model\3.9.9\maven-model-3.9.9.jar;C:\Users\SHTLP_0066\.m2\repository\org\apache\maven\maven-settings\3.9.9\maven-settings-3.9.9.jar;C:\Users\SHTLP_0066\.m2\repository\org\apache\maven\maven-settings-builder\3.9.9\maven-settings-builder-3.9.9.jar;C:\Users\SHTLP_0066\.m2\repository\org\codehaus\plexus\plexus-sec-dispatcher\2.0\plexus-sec-dispatcher-2.0.jar;C:\Users\SHTLP_0066\.m2\repository\org\codehaus\plexus\plexus-cipher\2.0\plexus-cipher-2.0.jar;C:\Users\SHTLP_0066\.m2\repository\org\apache\maven\maven-builder-support\3.9.9\maven-builder-support-3.9.9.jar;C:\Users\SHTLP_0066\.m2\repository\org\apache\maven\maven-repository-metadata\3.9.9\maven-repository-metadata-3.9.9.jar;C:\Users\SHTLP_0066\.m2\repository\org\apache\maven\maven-artifact\3.9.9\maven-artifact-3.9.9.jar;C:\Users\SHTLP_0066\.m2\repository\org\apache\maven\maven-plugin-api\3.9.9\maven-plugin-api-3.9.9.jar;C:\Users\SHTLP_0066\.m2\repository\org\apache\maven\maven-model-builder\3.9.9\maven-model-builder-3.9.9.jar;C:\Users\SHTLP_0066\.m2\repository\org\apache\maven\maven-resolver-provider\3.9.9\maven-resolver-provider-3.9.9.jar;C:\Users\SHTLP_0066\.m2\repository\org\apache\maven\resolver\maven-resolver-impl\1.9.22\maven-resolver-impl-1.9.22.jar;C:\Users\SHTLP_0066\.m2\repository\org\apache\maven\resolver\maven-resolver-named-locks\1.9.22\maven-resolver-named-locks-1.9.22.jar;C:\Users\SHTLP_0066\.m2\repository\org\apache\maven\resolver\maven-resolver-api\1.9.22\maven-resolver-api-1.9.22.jar;C:\Users\SHTLP_0066\.m2\repository\org\apache\maven\resolver\maven-resolver-spi\1.9.22\maven-resolver-spi-1.9.22.jar;C:\Users\SHTLP_0066\.m2\repository\org\apache\maven\resolver\maven-resolver-util\1.9.22\maven-resolver-util-1.9.22.jar;C:\Users\SHTLP_0066\.m2\repository\org\apache\maven\shared\maven-shared-utils\3.4.2\maven-shared-utils-3.4.2.jar;C:\Users\SHTLP_0066\.m2\repository\org\eclipse\sisu\org.eclipse.sisu.plexus\0.9.0.M3\org.eclipse.sisu.plexus-0.9.0.M3.jar;C:\Users\SHTLP_0066\.m2\repository\org\eclipse\sisu\org.eclipse.sisu.inject\0.9.0.M3\org.eclipse.sisu.inject-0.9.0.M3.jar;C:\Users\SHTLP_0066\.m2\repository\com\google\inject\guice\5.1.0\guice-5.1.0.jar;C:\Users\SHTLP_0066\.m2\repository\aopalliance\aopalliance\1.0\aopalliance-1.0.jar;C:\Users\SHTLP_0066\.m2\repository\com\google\guava\failureaccess\1.0.2\failureaccess-1.0.2.jar;C:\Users\SHTLP_0066\.m2\repository\javax\inject\javax.inject\1\javax.inject-1.jar;C:\Users\SHTLP_0066\.m2\repository\org\codehaus\plexus\plexus-utils\3.5.1\plexus-utils-3.5.1.jar;C:\Users\SHTLP_0066\.m2\repository\org\codehaus\plexus\plexus-classworlds\2.8.0\plexus-classworlds-2.8.0.jar;C:\Users\SHTLP_0066\.m2\repository\org\codehaus\plexus\plexus-interpolation\1.27\plexus-interpolation-1.27.jar;C:\Users\SHTLP_0066\.m2\repository\org\codehaus\plexus\plexus-component-annotations\2.1.0\plexus-component-annotations-2.1.0.jar;C:\Users\SHTLP_0066\.m2\repository\org\apache\maven\reporting\maven-reporting-impl\4.0.0\maven-reporting-impl-4.0.0.jar;C:\Users\SHTLP_0066\.m2\repository\org\apache\maven\reporting\maven-reporting-api\4.0.0\maven-reporting-api-4.0.0.jar;C:\Users\SHTLP_0066\.m2\repository\org\apache\maven\doxia\doxia-sink-api\2.0.0\doxia-sink-api-2.0.0.jar;C:\Users\SHTLP_0066\.m2\repository\org\apache\maven\doxia\doxia-site-model\2.0.0\doxia-site-model-2.0.0.jar;C:\Users\SHTLP_0066\.m2\repository\org\apache\maven\doxia\doxia-core\2.0.0\doxia-core-2.0.0.jar;C:\Users\SHTLP_0066\.m2\repository\org\apache\maven\doxia\doxia-integration-tools\2.0.0\doxia-integration-tools-2.0.0.jar;C:\Users\SHTLP_0066\.m2\repository\org\codehaus\plexus\plexus-i18n\1.0-beta-10\plexus-i18n-1.0-beta-10.jar;C:\Users\SHTLP_0066\.m2\repository\org\apache\maven\doxia\doxia-site-renderer\2.0.0\doxia-site-renderer-2.0.0.jar;C:\Users\SHTLP_0066\.m2\repository\org\apache\maven\doxia\doxia-skin-model\2.0.0\doxia-skin-model-2.0.0.jar;C:\Users\SHTLP_0066\.m2\repository\org\apache\maven\doxia\doxia-module-xhtml5\2.0.0\doxia-module-xhtml5-2.0.0.jar;C:\Users\SHTLP_0066\.m2\repository\org\codehaus\plexus\plexus-velocity\2.2.0\plexus-velocity-2.2.0.jar;C:\Users\SHTLP_0066\.m2\repository\org\apache\velocity\velocity-engine-core\2.4\velocity-engine-core-2.4.jar;C:\Users\SHTLP_0066\.m2\repository\org\apache\velocity\tools\velocity-tools-generic\3.1\velocity-tools-generic-3.1.jar;C:\Users\SHTLP_0066\.m2\repository\org\apache\commons\commons-digester3\3.2\commons-digester3-3.2.jar;C:\Users\SHTLP_0066\.m2\repository\com\github\cliftonlabs\json-simple\3.0.2\json-simple-3.0.2.jar;C:\Users\SHTLP_0066\.m2\repository\org\apache\maven\doxia\doxia-module-apt\2.0.0\doxia-module-apt-2.0.0.jar;C:\Users\SHTLP_0066\.m2\repository\org\apache\maven\doxia\doxia-module-xdoc\2.0.0\doxia-module-xdoc-2.0.0.jar;C:\Users\SHTLP_0066\.m2\repository\org\apache\maven\maven-archiver\3.6.2\maven-archiver-3.6.2.jar;C:\Users\SHTLP_0066\.m2\repository\org\codehaus\plexus\plexus-archiver\4.9.2\plexus-archiver-4.9.2.jar;C:\Users\SHTLP_0066\.m2\repository\org\codehaus\plexus\plexus-io\3.4.2\plexus-io-3.4.2.jar;C:\Users\SHTLP_0066\.m2\repository\org\tukaani\xz\1.9\xz-1.9.jar;C:\Users\SHTLP_0066\.m2\repository\com\github\luben\zstd-jni\1.5.5-11\zstd-jni-1.5.5-11.jar;C:\Users\SHTLP_0066\.m2\repository\org\apache\maven\shared\maven-artifact-transfer\0.13.1\maven-artifact-transfer-0.13.1.jar;C:\Users\SHTLP_0066\.m2\repository\org\apache\maven\shared\maven-common-artifact-filters\3.1.0\maven-common-artifact-filters-3.1.0.jar;C:\Users\SHTLP_0066\.m2\repository\org\sonatype\sisu\sisu-inject-plexus\1.4.2\sisu-inject-plexus-1.4.2.jar;C:\Users\SHTLP_0066\.m2\repository\org\sonatype\sisu\sisu-inject-bean\1.4.2\sisu-inject-bean-1.4.2.jar;C:\Users\SHTLP_0066\.m2\repository\org\sonatype\sisu\sisu-guice\2.1.7\sisu-guice-2.1.7-noaop.jar;C:\Users\SHTLP_0066\.m2\repository\commons-beanutils\commons-beanutils\1.9.4\commons-beanutils-1.9.4.jar;C:\Users\SHTLP_0066\.m2\repository\commons-logging\commons-logging\1.2\commons-logging-1.2.jar;C:\Users\SHTLP_0066\.m2\repository\commons-collections\commons-collections\3.2.2\commons-collections-3.2.2.jar;C:\Users\SHTLP_0066\.m2\repository\net\lingala\zip4j\zip4j\2.11.5\zip4j-2.11.5.jar;C:\Users\SHTLP_0066\.m2\repository\org\apache\commons\commons-exec\1.4.0\commons-exec-1.4.0.jar;C:\Users\SHTLP_0066\.m2\repository\org\apache\commons\commons-text\1.12.0\commons-text-1.12.0.jar;C:\Users\SHTLP_0066\.m2\repository\org\apache\maven\plugin-tools\maven-plugin-annotations\3.15.1\maven-plugin-annotations-3.15.1.jar;C:\Users\SHTLP_0066\.m2\repository\org\apache\maven\plugins\maven-jxr-plugin\3.6.0\maven-jxr-plugin-3.6.0.jar;C:\Users\SHTLP_0066\.m2\repository\org\apache\maven\maven-jxr\3.6.0\maven-jxr-3.6.0.jar;C:\Users\SHTLP_0066\.m2\repository\org\apache\maven\wagon\wagon-provider-api\3.5.3\wagon-provider-api-3.5.3.jar;C:\Users\SHTLP_0066\.m2\repository\org\codehaus\plexus\plexus-java\1.3.0\plexus-java-1.3.0.jar;C:\Users\SHTLP_0066\.m2\repository\org\ow2\asm\asm\9.7\asm-9.7.jar;C:\Users\SHTLP_0066\.m2\repository\com\thoughtworks\qdox\qdox\2.1.0\qdox-2.1.0.jar;C:\Users\SHTLP_0066\.m2\repository\org\codehaus\plexus\plexus-xml\3.0.1\plexus-xml-3.0.1.jar;C:\Users\SHTLP_0066\.m2\repository\org\apache\commons\commons-email\1.6.0\commons-email-1.6.0.jar;C:\Users\SHTLP_0066\.m2\repository\com\sun\mail\jakarta.mail\1.6.7\jakarta.mail-1.6.7.jar;C:\Users\SHTLP_0066\.m2\repository\com\sun\activation\jakarta.activation\1.2.1\jakarta.activation-1.2.1.jar;"/>
    <property name="java.vm.vendor" value="Oracle Corporation"/>
    <property name="sun.arch.data.model" value="64"/>
    <property name="user.variant" value=""/>
    <property name="java.vendor.url" value="https://java.oracle.com/"/>
    <property name="user.timezone" value="Asia/Calcutta"/>
    <property name="os.name" value="Windows 11"/>
    <property name="java.vm.specification.version" value="23"/>
    <property name="sun.java.launcher" value="SUN_STANDARD"/>
    <property name="user.country" value="IN"/>
    <property name="sun.boot.library.path" value="C:\Program Files\Java\jdk-23\bin"/>
    <property name="sun.java.command" value="C:\Users\SHTLP_0066\AppData\Local\Temp\surefire5626284682565707353\surefirebooter-20250130154528076_3.jar C:\Users\SHTLP_0066\AppData\Local\Temp\surefire5626284682565707353 2025-01-30T15-45-27_939-jvmRun1 surefire-20250130154528076_1tmp surefire_0-20250130154528076_2tmp"/>
    <property name="jdk.debug" value="release"/>
    <property name="surefire.test.class.path" value="C:\Users\SHTLP_0066\Desktop\Softwares\Eclipse\FrameworkBuilding26Jan\target\test-classes;C:\Users\SHTLP_0066\Desktop\Softwares\Eclipse\FrameworkBuilding26Jan\target\classes;C:\Users\SHTLP_0066\.m2\repository\org\seleniumhq\selenium\selenium-java\4.28.1\selenium-java-4.28.1.jar;C:\Users\SHTLP_0066\.m2\repository\org\seleniumhq\selenium\selenium-api\4.28.1\selenium-api-4.28.1.jar;C:\Users\SHTLP_0066\.m2\repository\org\jspecify\jspecify\1.0.0\jspecify-1.0.0.jar;C:\Users\SHTLP_0066\.m2\repository\org\seleniumhq\selenium\selenium-chrome-driver\4.28.1\selenium-chrome-driver-4.28.1.jar;C:\Users\SHTLP_0066\.m2\repository\com\google\auto\service\auto-service-annotations\1.1.1\auto-service-annotations-1.1.1.jar;C:\Users\SHTLP_0066\.m2\repository\org\seleniumhq\selenium\selenium-chromium-driver\4.28.1\selenium-chromium-driver-4.28.1.jar;C:\Users\SHTLP_0066\.m2\repository\org\seleniumhq\selenium\selenium-json\4.28.1\selenium-json-4.28.1.jar;C:\Users\SHTLP_0066\.m2\repository\org\seleniumhq\selenium\selenium-manager\4.28.1\selenium-manager-4.28.1.jar;C:\Users\SHTLP_0066\.m2\repository\org\seleniumhq\selenium\selenium-devtools-v130\4.28.1\selenium-devtools-v130-4.28.1.jar;C:\Users\SHTLP_0066\.m2\repository\org\seleniumhq\selenium\selenium-devtools-v131\4.28.1\selenium-devtools-v131-4.28.1.jar;C:\Users\SHTLP_0066\.m2\repository\org\seleniumhq\selenium\selenium-devtools-v132\4.28.1\selenium-devtools-v132-4.28.1.jar;C:\Users\SHTLP_0066\.m2\repository\org\seleniumhq\selenium\selenium-devtools-v85\4.28.1\selenium-devtools-v85-4.28.1.jar;C:\Users\SHTLP_0066\.m2\repository\org\seleniumhq\selenium\selenium-edge-driver\4.28.1\selenium-edge-driver-4.28.1.jar;C:\Users\SHTLP_0066\.m2\repository\org\seleniumhq\selenium\selenium-firefox-driver\4.28.1\selenium-firefox-driver-4.28.1.jar;C:\Users\SHTLP_0066\.m2\repository\org\seleniumhq\selenium\selenium-http\4.28.1\selenium-http-4.28.1.jar;C:\Users\SHTLP_0066\.m2\repository\org\seleniumhq\selenium\selenium-ie-driver\4.28.1\selenium-ie-driver-4.28.1.jar;C:\Users\SHTLP_0066\.m2\repository\org\seleniumhq\selenium\selenium-remote-driver\4.28.1\selenium-remote-driver-4.28.1.jar;C:\Users\SHTLP_0066\.m2\repository\com\google\guava\guava\33.4.0-jre\guava-33.4.0-jre.jar;C:\Users\SHTLP_0066\.m2\repository\com\google\guava\listenablefuture\9999.0-empty-to-avoid-conflict-with-guava\listenablefuture-9999.0-empty-to-avoid-conflict-with-guava.jar;C:\Users\SHTLP_0066\.m2\repository\com\google\code\findbugs\jsr305\3.0.2\jsr305-3.0.2.jar;C:\Users\SHTLP_0066\.m2\repository\org\checkerframework\checker-qual\3.43.0\checker-qual-3.43.0.jar;C:\Users\SHTLP_0066\.m2\repository\com\google\errorprone\error_prone_annotations\2.36.0\error_prone_annotations-2.36.0.jar;C:\Users\SHTLP_0066\.m2\repository\com\google\j2objc\j2objc-annotations\3.0.0\j2objc-annotations-3.0.0.jar;C:\Users\SHTLP_0066\.m2\repository\io\opentelemetry\semconv\opentelemetry-semconv\1.28.0-alpha\opentelemetry-semconv-1.28.0-alpha.jar;C:\Users\SHTLP_0066\.m2\repository\io\opentelemetry\opentelemetry-api\1.46.0\opentelemetry-api-1.46.0.jar;C:\Users\SHTLP_0066\.m2\repository\io\opentelemetry\opentelemetry-context\1.46.0\opentelemetry-context-1.46.0.jar;C:\Users\SHTLP_0066\.m2\repository\io\opentelemetry\opentelemetry-exporter-logging\1.46.0\opentelemetry-exporter-logging-1.46.0.jar;C:\Users\SHTLP_0066\.m2\repository\io\opentelemetry\opentelemetry-sdk-common\1.46.0\opentelemetry-sdk-common-1.46.0.jar;C:\Users\SHTLP_0066\.m2\repository\io\opentelemetry\opentelemetry-sdk-extension-autoconfigure-spi\1.46.0\opentelemetry-sdk-extension-autoconfigure-spi-1.46.0.jar;C:\Users\SHTLP_0066\.m2\repository\io\opentelemetry\opentelemetry-sdk-extension-autoconfigure\1.46.0\opentelemetry-sdk-extension-autoconfigure-1.46.0.jar;C:\Users\SHTLP_0066\.m2\repository\io\opentelemetry\opentelemetry-api-incubator\1.46.0-alpha\opentelemetry-api-incubator-1.46.0-alpha.jar;C:\Users\SHTLP_0066\.m2\repository\io\opentelemetry\opentelemetry-sdk-trace\1.46.0\opentelemetry-sdk-trace-1.46.0.jar;C:\Users\SHTLP_0066\.m2\repository\io\opentelemetry\opentelemetry-sdk\1.46.0\opentelemetry-sdk-1.46.0.jar;C:\Users\SHTLP_0066\.m2\repository\io\opentelemetry\opentelemetry-sdk-metrics\1.46.0\opentelemetry-sdk-metrics-1.46.0.jar;C:\Users\SHTLP_0066\.m2\repository\io\opentelemetry\opentelemetry-sdk-logs\1.46.0\opentelemetry-sdk-logs-1.46.0.jar;C:\Users\SHTLP_0066\.m2\repository\net\bytebuddy\byte-buddy\1.15.11\byte-buddy-1.15.11.jar;C:\Users\SHTLP_0066\.m2\repository\org\seleniumhq\selenium\selenium-os\4.28.1\selenium-os-4.28.1.jar;C:\Users\SHTLP_0066\.m2\repository\org\seleniumhq\selenium\selenium-safari-driver\4.28.1\selenium-safari-driver-4.28.1.jar;C:\Users\SHTLP_0066\.m2\repository\org\seleniumhq\selenium\selenium-support\4.28.1\selenium-support-4.28.1.jar;C:\Users\SHTLP_0066\.m2\repository\org\apache\poi\poi\5.4.0\poi-5.4.0.jar;C:\Users\SHTLP_0066\.m2\repository\commons-codec\commons-codec\1.17.1\commons-codec-1.17.1.jar;C:\Users\SHTLP_0066\.m2\repository\org\apache\commons\commons-collections4\4.4\commons-collections4-4.4.jar;C:\Users\SHTLP_0066\.m2\repository\org\apache\commons\commons-math3\3.6.1\commons-math3-3.6.1.jar;C:\Users\SHTLP_0066\.m2\repository\com\zaxxer\SparseBitSet\1.3\SparseBitSet-1.3.jar;C:\Users\SHTLP_0066\.m2\repository\org\apache\poi\poi-ooxml\5.4.0\poi-ooxml-5.4.0.jar;C:\Users\SHTLP_0066\.m2\repository\org\apache\poi\poi-ooxml-lite\5.4.0\poi-ooxml-lite-5.4.0.jar;C:\Users\SHTLP_0066\.m2\repository\org\apache\xmlbeans\xmlbeans\5.3.0\xmlbeans-5.3.0.jar;C:\Users\SHTLP_0066\.m2\repository\org\apache\commons\commons-compress\1.27.1\commons-compress-1.27.1.jar;C:\Users\SHTLP_0066\.m2\repository\com\github\virtuald\curvesapi\1.08\curvesapi-1.08.jar;C:\Users\SHTLP_0066\.m2\repository\org\apache\logging\log4j\log4j-core\3.0.0-beta3\log4j-core-3.0.0-beta3.jar;C:\Users\SHTLP_0066\.m2\repository\org\apache\logging\log4j\log4j-kit\3.0.0-beta3\log4j-kit-3.0.0-beta3.jar;C:\Users\SHTLP_0066\.m2\repository\org\apache\logging\log4j\log4j-plugins\3.0.0-beta3\log4j-plugins-3.0.0-beta3.jar;C:\Users\SHTLP_0066\.m2\repository\org\apache\logging\log4j\log4j-api\3.0.0-beta2\log4j-api-3.0.0-beta2.jar;C:\Users\SHTLP_0066\.m2\repository\org\apache\logging\log4j\log4j-slf4j-impl\2.24.3\log4j-slf4j-impl-2.24.3.jar;C:\Users\SHTLP_0066\.m2\repository\org\slf4j\slf4j-api\1.7.36\slf4j-api-1.7.36.jar;C:\Users\SHTLP_0066\.m2\repository\commons-io\commons-io\2.18.0\commons-io-2.18.0.jar;C:\Users\SHTLP_0066\.m2\repository\org\apache\commons\commons-lang3\3.17.0\commons-lang3-3.17.0.jar;C:\Users\SHTLP_0066\.m2\repository\org\testng\testng\7.10.2\testng-7.10.2.jar;C:\Users\SHTLP_0066\.m2\repository\com\beust\jcommander\1.82\jcommander-1.82.jar;C:\Users\SHTLP_0066\.m2\repository\org\webjars\jquery\3.7.1\jquery-3.7.1.jar;C:\Users\SHTLP_0066\.m2\repository\com\aventstack\extentreports\5.1.2\extentreports-5.1.2.jar;C:\Users\SHTLP_0066\.m2\repository\io\reactivex\rxjava3\rxjava\3.1.6\rxjava-3.1.6.jar;C:\Users\SHTLP_0066\.m2\repository\org\reactivestreams\reactive-streams\1.0.4\reactive-streams-1.0.4.jar;C:\Users\SHTLP_0066\.m2\repository\org\freemarker\freemarker\2.3.32\freemarker-2.3.32.jar;C:\Users\SHTLP_0066\.m2\repository\org\projectlombok\lombok\1.18.26\lombok-1.18.26.jar;C:\Users\SHTLP_0066\.m2\repository\com\google\code\gson\gson\2.10.1\gson-2.10.1.jar;C:\Users\SHTLP_0066\.m2\repository\io\qameta\allure\allure-maven\2.15.2\allure-maven-2.15.2.jar;C:\Users\SHTLP_0066\.m2\repository\org\apache\httpcomponents\client5\httpclient5\5.4.1\httpclient5-5.4.1.jar;C:\Users\SHTLP_0066\.m2\repository\org\apache\httpcomponents\core5\httpcore5\5.3.1\httpcore5-5.3.1.jar;C:\Users\SHTLP_0066\.m2\repository\org\apache\httpcomponents\core5\httpcore5-h2\5.3.1\httpcore5-h2-5.3.1.jar;C:\Users\SHTLP_0066\.m2\repository\com\fasterxml\jackson\core\jackson-databind\2.18.1\jackson-databind-2.18.1.jar;C:\Users\SHTLP_0066\.m2\repository\com\fasterxml\jackson\core\jackson-annotations\2.18.1\jackson-annotations-2.18.1.jar;C:\Users\SHTLP_0066\.m2\repository\com\fasterxml\jackson\core\jackson-core\2.18.1\jackson-core-2.18.1.jar;C:\Users\SHTLP_0066\.m2\repository\org\apache\maven\maven-core\3.9.9\maven-core-3.9.9.jar;C:\Users\SHTLP_0066\.m2\repository\org\apache\maven\maven-model\3.9.9\maven-model-3.9.9.jar;C:\Users\SHTLP_0066\.m2\repository\org\apache\maven\maven-settings\3.9.9\maven-settings-3.9.9.jar;C:\Users\SHTLP_0066\.m2\repository\org\apache\maven\maven-settings-builder\3.9.9\maven-settings-builder-3.9.9.jar;C:\Users\SHTLP_0066\.m2\repository\org\codehaus\plexus\plexus-sec-dispatcher\2.0\plexus-sec-dispatcher-2.0.jar;C:\Users\SHTLP_0066\.m2\repository\org\codehaus\plexus\plexus-cipher\2.0\plexus-cipher-2.0.jar;C:\Users\SHTLP_0066\.m2\repository\org\apache\maven\maven-builder-support\3.9.9\maven-builder-support-3.9.9.jar;C:\Users\SHTLP_0066\.m2\repository\org\apache\maven\maven-repository-metadata\3.9.9\maven-repository-metadata-3.9.9.jar;C:\Users\SHTLP_0066\.m2\repository\org\apache\maven\maven-artifact\3.9.9\maven-artifact-3.9.9.jar;C:\Users\SHTLP_0066\.m2\repository\org\apache\maven\maven-plugin-api\3.9.9\maven-plugin-api-3.9.9.jar;C:\Users\SHTLP_0066\.m2\repository\org\apache\maven\maven-model-builder\3.9.9\maven-model-builder-3.9.9.jar;C:\Users\SHTLP_0066\.m2\repository\org\apache\maven\maven-resolver-provider\3.9.9\maven-resolver-provider-3.9.9.jar;C:\Users\SHTLP_0066\.m2\repository\org\apache\maven\resolver\maven-resolver-impl\1.9.22\maven-resolver-impl-1.9.22.jar;C:\Users\SHTLP_0066\.m2\repository\org\apache\maven\resolver\maven-resolver-named-locks\1.9.22\maven-resolver-named-locks-1.9.22.jar;C:\Users\SHTLP_0066\.m2\repository\org\apache\maven\resolver\maven-resolver-api\1.9.22\maven-resolver-api-1.9.22.jar;C:\Users\SHTLP_0066\.m2\repository\org\apache\maven\resolver\maven-resolver-spi\1.9.22\maven-resolver-spi-1.9.22.jar;C:\Users\SHTLP_0066\.m2\repository\org\apache\maven\resolver\maven-resolver-util\1.9.22\maven-resolver-util-1.9.22.jar;C:\Users\SHTLP_0066\.m2\repository\org\apache\maven\shared\maven-shared-utils\3.4.2\maven-shared-utils-3.4.2.jar;C:\Users\SHTLP_0066\.m2\repository\org\eclipse\sisu\org.eclipse.sisu.plexus\0.9.0.M3\org.eclipse.sisu.plexus-0.9.0.M3.jar;C:\Users\SHTLP_0066\.m2\repository\org\eclipse\sisu\org.eclipse.sisu.inject\0.9.0.M3\org.eclipse.sisu.inject-0.9.0.M3.jar;C:\Users\SHTLP_0066\.m2\repository\com\google\inject\guice\5.1.0\guice-5.1.0.jar;C:\Users\SHTLP_0066\.m2\repository\aopalliance\aopalliance\1.0\aopalliance-1.0.jar;C:\Users\SHTLP_0066\.m2\repository\com\google\guava\failureaccess\1.0.2\failureaccess-1.0.2.jar;C:\Users\SHTLP_0066\.m2\repository\javax\inject\javax.inject\1\javax.inject-1.jar;C:\Users\SHTLP_0066\.m2\repository\org\codehaus\plexus\plexus-utils\3.5.1\plexus-utils-3.5.1.jar;C:\Users\SHTLP_0066\.m2\repository\org\codehaus\plexus\plexus-classworlds\2.8.0\plexus-classworlds-2.8.0.jar;C:\Users\SHTLP_0066\.m2\repository\org\codehaus\plexus\plexus-interpolation\1.27\plexus-interpolation-1.27.jar;C:\Users\SHTLP_0066\.m2\repository\org\codehaus\plexus\plexus-component-annotations\2.1.0\plexus-component-annotations-2.1.0.jar;C:\Users\SHTLP_0066\.m2\repository\org\apache\maven\reporting\maven-reporting-impl\4.0.0\maven-reporting-impl-4.0.0.jar;C:\Users\SHTLP_0066\.m2\repository\org\apache\maven\reporting\maven-reporting-api\4.0.0\maven-reporting-api-4.0.0.jar;C:\Users\SHTLP_0066\.m2\repository\org\apache\maven\doxia\doxia-sink-api\2.0.0\doxia-sink-api-2.0.0.jar;C:\Users\SHTLP_0066\.m2\repository\org\apache\maven\doxia\doxia-site-model\2.0.0\doxia-site-model-2.0.0.jar;C:\Users\SHTLP_0066\.m2\repository\org\apache\maven\doxia\doxia-core\2.0.0\doxia-core-2.0.0.jar;C:\Users\SHTLP_0066\.m2\repository\org\apache\maven\doxia\doxia-integration-tools\2.0.0\doxia-integration-tools-2.0.0.jar;C:\Users\SHTLP_0066\.m2\repository\org\codehaus\plexus\plexus-i18n\1.0-beta-10\plexus-i18n-1.0-beta-10.jar;C:\Users\SHTLP_0066\.m2\repository\org\apache\maven\doxia\doxia-site-renderer\2.0.0\doxia-site-renderer-2.0.0.jar;C:\Users\SHTLP_0066\.m2\repository\org\apache\maven\doxia\doxia-skin-model\2.0.0\doxia-skin-model-2.0.0.jar;C:\Users\SHTLP_0066\.m2\repository\org\apache\maven\doxia\doxia-module-xhtml5\2.0.0\doxia-module-xhtml5-2.0.0.jar;C:\Users\SHTLP_0066\.m2\repository\org\codehaus\plexus\plexus-velocity\2.2.0\plexus-velocity-2.2.0.jar;C:\Users\SHTLP_0066\.m2\repository\org\apache\velocity\velocity-engine-core\2.4\velocity-engine-core-2.4.jar;C:\Users\SHTLP_0066\.m2\repository\org\apache\velocity\tools\velocity-tools-generic\3.1\velocity-tools-generic-3.1.jar;C:\Users\SHTLP_0066\.m2\repository\org\apache\commons\commons-digester3\3.2\commons-digester3-3.2.jar;C:\Users\SHTLP_0066\.m2\repository\com\github\cliftonlabs\json-simple\3.0.2\json-simple-3.0.2.jar;C:\Users\SHTLP_0066\.m2\repository\org\apache\maven\doxia\doxia-module-apt\2.0.0\doxia-module-apt-2.0.0.jar;C:\Users\SHTLP_0066\.m2\repository\org\apache\maven\doxia\doxia-module-xdoc\2.0.0\doxia-module-xdoc-2.0.0.jar;C:\Users\SHTLP_0066\.m2\repository\org\apache\maven\maven-archiver\3.6.2\maven-archiver-3.6.2.jar;C:\Users\SHTLP_0066\.m2\repository\org\codehaus\plexus\plexus-archiver\4.9.2\plexus-archiver-4.9.2.jar;C:\Users\SHTLP_0066\.m2\repository\org\codehaus\plexus\plexus-io\3.4.2\plexus-io-3.4.2.jar;C:\Users\SHTLP_0066\.m2\repository\org\tukaani\xz\1.9\xz-1.9.jar;C:\Users\SHTLP_0066\.m2\repository\com\github\luben\zstd-jni\1.5.5-11\zstd-jni-1.5.5-11.jar;C:\Users\SHTLP_0066\.m2\repository\org\apache\maven\shared\maven-artifact-transfer\0.13.1\maven-artifact-transfer-0.13.1.jar;C:\Users\SHTLP_0066\.m2\repository\org\apache\maven\shared\maven-common-artifact-filters\3.1.0\maven-common-artifact-filters-3.1.0.jar;C:\Users\SHTLP_0066\.m2\repository\org\sonatype\sisu\sisu-inject-plexus\1.4.2\sisu-inject-plexus-1.4.2.jar;C:\Users\SHTLP_0066\.m2\repository\org\sonatype\sisu\sisu-inject-bean\1.4.2\sisu-inject-bean-1.4.2.jar;C:\Users\SHTLP_0066\.m2\repository\org\sonatype\sisu\sisu-guice\2.1.7\sisu-guice-2.1.7-noaop.jar;C:\Users\SHTLP_0066\.m2\repository\commons-beanutils\commons-beanutils\1.9.4\commons-beanutils-1.9.4.jar;C:\Users\SHTLP_0066\.m2\repository\commons-logging\commons-logging\1.2\commons-logging-1.2.jar;C:\Users\SHTLP_0066\.m2\repository\commons-collections\commons-collections\3.2.2\commons-collections-3.2.2.jar;C:\Users\SHTLP_0066\.m2\repository\net\lingala\zip4j\zip4j\2.11.5\zip4j-2.11.5.jar;C:\Users\SHTLP_0066\.m2\repository\org\apache\commons\commons-exec\1.4.0\commons-exec-1.4.0.jar;C:\Users\SHTLP_0066\.m2\repository\org\apache\commons\commons-text\1.12.0\commons-text-1.12.0.jar;C:\Users\SHTLP_0066\.m2\repository\org\apache\maven\plugin-tools\maven-plugin-annotations\3.15.1\maven-plugin-annotations-3.15.1.jar;C:\Users\SHTLP_0066\.m2\repository\org\apache\maven\plugins\maven-jxr-plugin\3.6.0\maven-jxr-plugin-3.6.0.jar;C:\Users\SHTLP_0066\.m2\repository\org\apache\maven\maven-jxr\3.6.0\maven-jxr-3.6.0.jar;C:\Users\SHTLP_0066\.m2\repository\org\apache\maven\wagon\wagon-provider-api\3.5.3\wagon-provider-api-3.5.3.jar;C:\Users\SHTLP_0066\.m2\repository\org\codehaus\plexus\plexus-java\1.3.0\plexus-java-1.3.0.jar;C:\Users\SHTLP_0066\.m2\repository\org\ow2\asm\asm\9.7\asm-9.7.jar;C:\Users\SHTLP_0066\.m2\repository\com\thoughtworks\qdox\qdox\2.1.0\qdox-2.1.0.jar;C:\Users\SHTLP_0066\.m2\repository\org\codehaus\plexus\plexus-xml\3.0.1\plexus-xml-3.0.1.jar;C:\Users\SHTLP_0066\.m2\repository\org\apache\commons\commons-email\1.6.0\commons-email-1.6.0.jar;C:\Users\SHTLP_0066\.m2\repository\com\sun\mail\jakarta.mail\1.6.7\jakarta.mail-1.6.7.jar;C:\Users\SHTLP_0066\.m2\repository\com\sun\activation\jakarta.activation\1.2.1\jakarta.activation-1.2.1.jar;"/>
    <property name="sun.cpu.endian" value="little"/>
    <property name="user.home" value="C:\Users\SHTLP_0066"/>
    <property name="user.language" value="en"/>
    <property name="java.specification.vendor" value="Oracle Corporation"/>
    <property name="java.version.date" value="2024-10-15"/>
    <property name="java.home" value="C:\Program Files\Java\jdk-23"/>
    <property name="file.separator" value="\"/>
    <property name="basedir" value="C:\Users\SHTLP_0066\Desktop\Softwares\Eclipse\FrameworkBuilding26Jan"/>
    <property name="java.vm.compressedOopsMode" value="Zero based"/>
    <property name="line.separator" value="&#10;"/>
    <property name="java.vm.specification.vendor" value="Oracle Corporation"/>
    <property name="java.specification.name" value="Java Platform API Specification"/>
    <property name="surefire.real.class.path" value="C:\Users\SHTLP_0066\AppData\Local\Temp\surefire5626284682565707353\surefirebooter-20250130154528076_3.jar"/>
    <property name="user.script" value=""/>
    <property name="sun.management.compiler" value="HotSpot 64-Bit Tiered Compilers"/>
    <property name="java.runtime.version" value="23.0.1+11-39"/>
    <property name="user.name" value="SHTLP_0066"/>
    <property name="stdout.encoding" value="Cp1252"/>
    <property name="path.separator" value=";"/>
    <property name="os.version" value="10.0"/>
    <property name="java.runtime.name" value="Java(TM) SE Runtime Environment"/>
    <property name="file.encoding" value="UTF-8"/>
    <property name="java.vm.name" value="Java HotSpot(TM) 64-Bit Server VM"/>
    <property name="localRepository" value="C:\Users\SHTLP_0066\.m2\repository"/>
    <property name="java.vendor.url.bug" value="https://bugreport.java.com/bugreport/"/>
    <property name="java.io.tmpdir" value="C:\Users\SHTLP_~1\AppData\Local\Temp\"/>
    <property name="java.version" value="23.0.1"/>
    <property name="user.dir" value="C:\Users\SHTLP_0066\Desktop\Softwares\Eclipse\FrameworkBuilding26Jan"/>
    <property name="os.arch" value="amd64"/>
    <property name="java.vm.specification.name" value="Java Virtual Machine Specification"/>
    <property name="sun.os.patch.level" value=""/>
    <property name="native.encoding" value="Cp1252"/>
    <property name="java.library.path" value="C:\Program Files\Java\jdk-23\bin;C:\WINDOWS\Sun\Java\bin;C:\WINDOWS\system32;C:\WINDOWS;C:\Program Files\Common Files\Oracle\Java\javapath;C:\WINDOWS\system32;C:\WINDOWS;C:\WINDOWS\System32\Wbem;C:\WINDOWS\System32\WindowsPowerShell\v1.0\;C:\WINDOWS\System32\OpenSSH\;C:\Program Files\Java\jdk-23\bin;C:\Program Files\apache-maven-3.9.9\bin;C:\Users\SHTLP_0066\AppData\Local\Microsoft\WindowsApps;;."/>
    <property name="java.vm.info" value="mixed mode, sharing"/>
    <property name="stderr.encoding" value="Cp1252"/>
    <property name="java.vendor" value="Oracle Corporation"/>
    <property name="java.vm.version" value="23.0.1+11-39"/>
    <property name="sun.io.unicode.encoding" value="UnicodeLittle"/>
    <property name="java.class.version" value="67.0"/>
  </properties>
  <testcase name="test" classname="testCases.TC_02_TestLogin" time="3.313">
    <system-err><![CDATA[ERROR StatusLogger Unable to load implementation for java.util.ServiceLoader[org.apache.logging.log4j.spi.Provider]
 java.util.ServiceConfigurationError: org.apache.logging.log4j.spi.Provider: Provider org.apache.logging.log4j.core.impl.Log4jProvider could not be instantiated
	at java.base/java.util.ServiceLoader.fail(ServiceLoader.java:582)
	at java.base/java.util.ServiceLoader$ProviderImpl.newInstance(ServiceLoader.java:809)
	at java.base/java.util.ServiceLoader$ProviderImpl.get(ServiceLoader.java:725)
	at java.base/java.util.ServiceLoader$3.next(ServiceLoader.java:1397)
	at org.apache.logging.log4j.util.ServiceLoaderUtil$ServiceLoaderSpliterator.tryAdvance(ServiceLoaderUtil.java:73)
	at java.base/java.util.Spliterator.forEachRemaining(Spliterator.java:332)
	at java.base/java.util.stream.AbstractPipeline.copyInto(AbstractPipeline.java:570)
	at java.base/java.util.stream.AbstractPipeline.wrapAndCopyInto(AbstractPipeline.java:560)
	at java.base/java.util.stream.ReduceOps$ReduceOp.evaluateSequential(ReduceOps.java:921)
	at java.base/java.util.stream.AbstractPipeline.evaluate(AbstractPipeline.java:265)
	at java.base/java.util.stream.ReferencePipeline.collect(ReferencePipeline.java:727)
	at org.apache.logging.log4j.spi.LoggingSystem.loadDefaultProviders(LoggingSystem.java:201)
	at org.apache.logging.log4j.spi.LoggingSystem.findProvider(LoggingSystem.java:118)
	at org.apache.logging.log4j.util.LazyUtil$ReleaseAcquireLazy.get(LazyUtil.java:163)
	at org.apache.logging.log4j.spi.LoggingSystem.getProvider(LoggingSystem.java:113)
	at org.apache.logging.log4j.spi.LoggingSystem.lambda$new$0(LoggingSystem.java:82)
	at org.apache.logging.log4j.util.Lazy.lambda$map$0(Lazy.java:39)
	at org.apache.logging.log4j.util.LazyUtil$SafeLazy.get(LazyUtil.java:109)
	at org.apache.logging.log4j.spi.LoggingSystem.getLoggerContextFactory(LoggingSystem.java:169)
	at org.apache.logging.log4j.LogManager.getFactory(LogManager.java:390)
	at org.apache.logging.slf4j.Log4jLoggerFactory.getContext(Log4jLoggerFactory.java:54)
	at org.apache.logging.log4j.spi.AbstractLoggerAdapter.getLogger(AbstractLoggerAdapter.java:46)
	at org.apache.logging.slf4j.Log4jLoggerFactory.getLogger(Log4jLoggerFactory.java:32)
	at org.slf4j.LoggerFactory.getLogger(LoggerFactory.java:363)
	at org.slf4j.LoggerFactory.getLogger(LoggerFactory.java:388)
	at org.testng.log4testng.Logger.lambda$getLogger$0(Logger.java:30)
	at java.base/java.util.concurrent.ConcurrentHashMap.computeIfAbsent(ConcurrentHashMap.java:1713)
	at org.testng.log4testng.Logger.getLogger(Logger.java:30)
	at org.testng.TestNG.<clinit>(TestNG.java:111)
	at org.apache.maven.surefire.testng.TestNGExecutor.run(TestNGExecutor.java:297)
	at org.apache.maven.surefire.testng.TestNGXmlTestSuite.execute(TestNGXmlTestSuite.java:71)
	at org.apache.maven.surefire.testng.TestNGProvider.invoke(TestNGProvider.java:113)
	at org.apache.maven.surefire.booter.ForkedBooter.runSuitesInProcess(ForkedBooter.java:385)
	at org.apache.maven.surefire.booter.ForkedBooter.execute(ForkedBooter.java:162)
	at org.apache.maven.surefire.booter.ForkedBooter.run(ForkedBooter.java:507)
	at org.apache.maven.surefire.booter.ForkedBooter.main(ForkedBooter.java:495)
Caused by: java.lang.NoSuchMethodError: 'java.util.stream.Stream org.apache.logging.log4j.util.ServiceLoaderUtil.safeStream(java.lang.Class, java.util.ServiceLoader, org.apache.logging.log4j.Logger)'
	at org.apache.logging.log4j.plugins.di.DI$FactoryBuilder.lambda$new$1(DI.java:79)
	at org.apache.logging.log4j.plugins.di.DI$FactoryBuilder.build(DI.java:179)
	at org.apache.logging.log4j.plugins.di.DI.createInitializedFactory(DI.java:50)
	at org.apache.logging.log4j.core.impl.Log4jProvider.<init>(Log4jProvider.java:90)
	at java.base/jdk.internal.reflect.DirectConstructorHandleAccessor.newInstance(DirectConstructorHandleAccessor.java:62)
	at java.base/java.lang.reflect.Constructor.newInstanceWithCaller(Constructor.java:501)
	at java.base/java.lang.reflect.Constructor.newInstance(Constructor.java:485)
	at java.base/java.util.ServiceLoader$ProviderImpl.newInstance(ServiceLoader.java:785)
	... 34 more
ERROR StatusLogger Log4j could not find a logging implementation. Please add log4j-core dependencies to classpath or module path. Using SimpleLogger to log to the console.
]]></system-err>
  </testcase>
</testsuite>