<?xml version="1.0" encoding="UTF-8"?>
<!-- Generated by org.testng.reporters.JUnitReportReporter -->
<testsuite hostname="DESKTOP-MURB0FI" failures="0" tests="1" name="testCases.TC_01_TestAccount" time="3.201" errors="0" timestamp="2025-01-29T22:52:01 IST" skipped="0">
  <testcase classname="testCases.TC_01_TestAccount" name="test" time="3.201"/>
</testsuite> <!-- testCases.TC_01_TestAccount -->
