<?xml version="1.0" encoding="UTF-8"?>
<!-- Generated by org.testng.reporters.JUnitReportReporter -->
<testsuite hostname="DESKTOP-MURB0FI" failures="0" tests="5" name="testCases.TC_03_LoginExcelData" time="17.906" errors="0" timestamp="2025-02-10T17:39:25 IST" skipped="0">
  <testcase classname="testCases.TC_03_LoginExcelData" name="test" time="2.193"/>
  <testcase classname="testCases.TC_03_LoginExcelData" name="test" time="3.748"/>
  <testcase classname="testCases.TC_03_LoginExcelData" name="test" time="2.869"/>
  <testcase classname="testCases.TC_03_LoginExcelData" name="test" time="1.880"/>
  <testcase classname="testCases.TC_03_LoginExcelData" name="test" time="7.216"/>
</testsuite> <!-- testCases.TC_03_LoginExcelData -->
