<?xml version="1.0" encoding="UTF-8"?>
<!-- Generated by org.testng.reporters.JUnitReportReporter -->
<testsuite hostname="DESKTOP-MURB0FI" failures="0" tests="1" name="testCases.TC_02_TestLogin" time="9.004" errors="0" timestamp="2025-01-30T13:27:52 IST" skipped="0">
  <testcase classname="testCases.TC_02_TestLogin" name="test" time="9.004"/>
</testsuite> <!-- testCases.TC_02_TestLogin -->
