<?xml version="1.0" encoding="UTF-8"?>
<!-- Generated by org.testng.reporters.JUnitReportReporter -->
<testsuite hostname="DESKTOP-MURB0FI" failures="0" tests="1" name="testCases.TC_01_TestAccount" time="3.194" errors="0" timestamp="2025-02-10T17:39:25 IST" skipped="0">
  <testcase classname="testCases.TC_01_TestAccount" name="test" time="3.194"/>
</testsuite> <!-- testCases.TC_01_TestAccount -->
